./gcc_arm/ram_release/obj/actuators.o
./gcc_arm/ram_release/obj/biopsyExtended.o
./gcc_arm/ram_release/obj/biopsyExtended_driver.o
./gcc_arm/ram_release/obj/biopsyStandard.o
./gcc_arm/ram_release/obj/biopsy_simulator.o
./gcc_arm/ram_release/obj/biopsy_startup.o
./gcc_arm/ram_release/obj/canopen.o
./gcc_arm/ram_release/obj/common.o
./gcc_arm/ram_release/obj/fault.o
./gcc_arm/ram_release/obj/gui.o
./gcc_arm/ram_release/obj/loader.o
./gcc_arm/ram_release/obj/main.o
./gcc_arm/ram_release/obj/master_can.o
./gcc_arm/ram_release/obj/mccClass.o
./gcc_arm/ram_release/obj/pcb190.o
./gcc_arm/ram_release/obj/pcb215.o
./gcc_arm/ram_release/obj/pcb244.o
./gcc_arm/ram_release/obj/pcb249U1.o
./gcc_arm/ram_release/obj/pcb249U2.o
./gcc_arm/ram_release/obj/seqrx_ae.o
./gcc_arm/ram_release/obj/seqrx_std.o
./gcc_arm/ram_release/obj/seqrx_std_aec.o
./gcc_arm/ram_release/obj/seqrx_tomo.o
./gcc_arm/ram_release/obj/seqrx_tomo_aec.o
./gcc_arm/ram_release/obj/sequences.o
./gcc_arm/ram_release/obj/ser422.o
